<?xml version="1.0" encoding="UTF-8"?>
<testng-results skipped="0" failed="0" total="1" passed="1">
  <reporter-output>
  </reporter-output>
  <suite name="Default suite" duration-ms="26416" started-at="2018-01-12T05:53:17Z" finished-at="2018-01-12T05:53:43Z">
    <groups>
    </groups>
    <test name="Default test" duration-ms="26416" started-at="2018-01-12T05:53:17Z" finished-at="2018-01-12T05:53:43Z">
      <class name="Sample.test.myclassTestNG">
        <test-method status="PASS" signature="verifyLoginPageTest()[pri:0, instance:Sample.test.myclassTestNG@1593948d]" name="verifyLoginPageTest" duration-ms="26355" started-at="2018-01-12T11:23:17Z" finished-at="2018-01-12T11:23:43Z">
          <reporter-output>
          </reporter-output>
        </test-method> <!-- verifyLoginPageTest -->
      </class> <!-- Sample.test.myclassTestNG -->
    </test> <!-- Default test -->
  </suite> <!-- Default suite -->
</testng-results>
